  imgui.cpp
  ImGuizmo.cpp
  imgui_demo.cpp
  imgui_draw.cpp
  imgui_impl_vulkan.cpp
D:\OneDrive\Desktop\GAM300\Dependencies\imgui\imgui_impl_vulkan.cpp(72,10): fatal  error C1083: Cannot open include file: 'imgui/imgui.h': No such file or directory
  imgui_impl_win32.cpp
D:\OneDrive\Desktop\GAM300\Dependencies\imgui\imgui_impl_win32.cpp(19,10): fatal  error C1083: Cannot open include file: 'imgui/imgui.h': No such file or directory
  imgui_tables.cpp
  imgui_widgets.cpp
  MathCommon.cpp
D:\OneDrive\Desktop\GAM300\Shared_Libs\Vector2.h(5,10): fatal  error C1083: Cannot open include file: 'dotnet/ImportExport.h': No such file or directory
  Matrix2.cpp
D:\OneDrive\Desktop\GAM300\Shared_Libs\Vector3.h(5,10): fatal  error C1083: Cannot open include file: 'dotnet/ImportExport.h': No such file or directory
  Matrix3.cpp
D:\OneDrive\Desktop\GAM300\Shared_Libs\Vector2.h(5,10): fatal  error C1083: Cannot open include file: 'dotnet/ImportExport.h': No such file or directory
  Matrix4.cpp
D:\OneDrive\Desktop\GAM300\Shared_Libs\Vector2.h(5,10): fatal  error C1083: Cannot open include file: 'dotnet/ImportExport.h': No such file or directory
  Quaternion.cpp
D:\OneDrive\Desktop\GAM300\Shared_Libs\Vector2.h(5,10): fatal  error C1083: Cannot open include file: 'dotnet/ImportExport.h': No such file or directory
  Vector2.cpp
D:\OneDrive\Desktop\GAM300\Shared_Libs\Vector3.h(5,10): fatal  error C1083: Cannot open include file: 'dotnet/ImportExport.h': No such file or directory
  Vector3.cpp
D:\OneDrive\Desktop\GAM300\Shared_Libs\Vector2.h(5,10): fatal  error C1083: Cannot open include file: 'dotnet/ImportExport.h': No such file or directory
  Vector4.cpp
D:\OneDrive\Desktop\GAM300\Shared_Libs\Vector2.h(5,10): fatal  error C1083: Cannot open include file: 'dotnet/ImportExport.h': No such file or directory
  EditorApp.cpp
D:\OneDrive\Desktop\GAM300\GAM300Editor\EditorApp.cpp(7,10): fatal  error C1083: Cannot open include file: 'imgui/imgui.h': No such file or directory
  entry.cpp
D:\OneDrive\Desktop\GAM300\GAM300Editor\EditorApp.h(9,10): fatal  error C1083: Cannot open include file: 'windowswindow.h': No such file or directory
  ImguiLayer.cpp
D:\OneDrive\Desktop\GAM300\GAM300Editor\Src\EditorRenderer\ImguiLayer.cpp(1,10): fatal  error C1083: Cannot open include file: 'EditorRenderer/ImguiLayer.h': No such file or directory
  ImguiAssetBrowser.cpp
D:\OneDrive\Desktop\GAM300\GAM300Editor\Src\imguiHelper\ImguiAssetBrowser.cpp(1,10): fatal  error C1083: Cannot open include file: 'imguiHelper/ImguiAssetBrowser.h': No such file or directory
  Generating Code...
  Compiling...
  ImguiAudio.cpp
D:\OneDrive\Desktop\GAM300\GAM300Editor\Src\imguiHelper\ImguiAudio.cpp(12,10): fatal  error C1083: Cannot open include file: 'imguiHelper/ImguiAudio.h': No such file or directory
  ImguiBehaviourTree.cpp
D:\OneDrive\Desktop\GAM300\GAM300Editor\Src\imguiHelper\ImguiBehaviourTree.cpp(12,10): fatal  error C1083: Cannot open include file: 'imguiHelper/ImguiBehaviourTree.h': No such file or directory
  ImguiConsole.cpp
D:\OneDrive\Desktop\GAM300\GAM300Editor\Src\imguiHelper\ImguiConsole.cpp(1,10): fatal  error C1083: Cannot open include file: 'imguiHelper/ImguiConsole.h': No such file or directory
  ImguiHelper.cpp
D:\OneDrive\Desktop\GAM300\GAM300Editor\Src\imguiHelper\ImguiHelper.cpp(2,10): fatal  error C1083: Cannot open include file: 'ImguiHelper/ImguiSceneBrowser.h': No such file or directory
  ImguiHierarchy.cpp
D:\OneDrive\Desktop\GAM300\GAM300Editor\Src\imguiHelper\ImguiHierarchy.cpp(12,10): fatal  error C1083: Cannot open include file: 'imguiHelper/ImguiHierarchy.h': No such file or directory
  ImguiProfiler.cpp
D:\OneDrive\Desktop\GAM300\GAM300Editor\Src\imguiHelper\ImguiProfiler.cpp(1,10): fatal  error C1083: Cannot open include file: 'imguiHelper/ImguiProfiler.h': No such file or directory
  ImguiProperties.cpp
D:\OneDrive\Desktop\GAM300\GAM300Editor\Src\imguiHelper\ImguiProperties.cpp(13,10): fatal  error C1083: Cannot open include file: 'imguiHelper/ImGuiFunctionHelper.h': No such file or directory
  ImguiScene.cpp
D:\OneDrive\Desktop\GAM300\GAM300Editor\Src\imguiHelper\ImguiScene.cpp(1,10): fatal  error C1083: Cannot open include file: 'imguiHelper/ImguiScene.h': No such file or directory
  ImguiSceneBrowser.cpp
D:\OneDrive\Desktop\GAM300\GAM300Editor\Src\imguiHelper\ImguiSceneBrowser.cpp(12,10): fatal  error C1083: Cannot open include file: 'imguiHelper/ImguiSceneBrowser.h': No such file or directory
  ImguiScriptBrowser.cpp
D:\OneDrive\Desktop\GAM300\GAM300Editor\Src\imguiHelper\ImguiScriptBrowser.cpp(12,10): fatal  error C1083: Cannot open include file: 'imguiHelper/ImguiScriptBrowser.h': No such file or directory
  ImguiToolBar.cpp
D:\OneDrive\Desktop\GAM300\GAM300Editor\Src\imguiHelper\ImguiToolBar.cpp(1,10): fatal  error C1083: Cannot open include file: 'imguiHelper/ImguiToolbar.h': No such file or directory
  CompilerSettings.cpp
D:\OneDrive\Desktop\GAM300\GAM300Editor\Src\Tools\CompilerSettings.cpp(10,10): fatal  error C1083: Cannot open include file: 'Tools/CompilerSettings.h': No such file or directory
  DDSConverter.cpp
D:\OneDrive\Desktop\GAM300\GAM300Editor\Src\Tools\DDSConverter.cpp(1,10): fatal  error C1083: Cannot open include file: 'Tools/DDSConverter.h': No such file or directory
  FileExtensions.cpp
D:\OneDrive\Desktop\GAM300\GAM300Editor\Src\Tools\FileExtensions.cpp(1,10): fatal  error C1083: Cannot open include file: 'Tools/FileExtensions.h': No such file or directory
  GeomCompiler.cpp
D:\OneDrive\Desktop\GAM300\GAM300Editor\Src\Tools\GeomCompiler.cpp(10,10): fatal  error C1083: Cannot open include file: 'Tools/GeomCompiler.h': No such file or directory
  ShaderReflector.cpp
D:\OneDrive\Desktop\GAM300\GAM300Editor\Src\Tools\ShaderReflector.cpp(1,10): fatal  error C1083: Cannot open include file: 'Tools/ShaderReflector.h': No such file or directory
  FontLoader.cpp
D:\OneDrive\Desktop\GAM300\GAM300Editor\Src\Tools\FontLoader.cpp(1,10): fatal  error C1083: Cannot open include file: 'Tools/FontLoader.h': No such file or directory
  TextureCompressor.cpp
D:\OneDrive\Desktop\GAM300\GAM300Editor\Src\Tools\TextureCompressor.cpp(1,10): fatal  error C1083: Cannot open include file: 'Tools/TextureCompressor.h': No such file or directory
  Generating Code...
